<?xml version="1.0" encoding="UTF-8"?>
<!-- Generated by org.testng.reporters.JUnitReportReporter -->
<testsuite hostname="WB0005-1" name="com.autotest.testcases.Project_Release_YYS008" tests="1" failures="0" timestamp="17 Oct 2016 19:26:20 GMT" time="419.212" errors="0">
  <testcase name="test" time="419.212" classname="com.autotest.testcases.Project_Release_YYS008"/>
</testsuite> <!-- com.autotest.testcases.Project_Release_YYS008 -->
