<?xml version="1.0" encoding="UTF-8"?>
<!-- Generated by org.testng.reporters.JUnitReportReporter -->
<testsuite hostname="ZA001995-1" name="com.autotest.testcases.YYS004_Repay_Business" tests="1" failures="0" timestamp="12 Sep 2016 02:49:45 GMT" time="3323.373" errors="0">
  <testcase name="test" time="3323.373" classname="com.autotest.testcases.YYS004_Repay_Business"/>
</testsuite> <!-- com.autotest.testcases.YYS004_Repay_Business -->
