<?xml version="1.0" encoding="UTF-8"?>
<!-- Generated by org.testng.reporters.JUnitReportReporter -->
<testsuite hostname="WB0005-1" name="com.autotest.testcases.Project_Release_YYS004" tests="1" failures="0" timestamp="18 Oct 2016 04:05:14 GMT" time="416.507" errors="0">
  <testcase name="test" time="416.507" classname="com.autotest.testcases.Project_Release_YYS004"/>
</testsuite> <!-- com.autotest.testcases.Project_Release_YYS004 -->
