<?xml version="1.0" encoding="UTF-8"?>
<!-- Generated by org.testng.reporters.JUnitReportReporter -->
<testsuite hostname="WB0005-1" name="com.autotest.testcases.RYS001_GenPayPlan" tests="1" failures="0" timestamp="18 Oct 2016 02:06:58 GMT" time="172.123" errors="0">
  <testcase name="test" time="172.123" classname="com.autotest.testcases.RYS001_GenPayPlan"/>
</testsuite> <!-- com.autotest.testcases.RYS001_GenPayPlan -->
