<?xml version="1.0" encoding="UTF-8"?>
<!-- Generated by org.testng.reporters.JUnitReportReporter -->
<testsuite hostname="myl000738-0" name="com.autotest.testcases.YYS007_CashEnd_ViewAccount" tests="1" failures="0" timestamp="17 Oct 2016 09:29:20 GMT" time="29.663" errors="0">
  <testcase name="test" time="29.663" classname="com.autotest.testcases.YYS007_CashEnd_ViewAccount"/>
</testsuite> <!-- com.autotest.testcases.YYS007_CashEnd_ViewAccount -->
