<?xml version="1.0" encoding="UTF-8"?>
<!-- Generated by org.testng.reporters.JUnitReportReporter -->
<testsuite hostname="WB0005-1" name="com.autotest.testcases.Project_Release_YYS003" tests="1" failures="0" timestamp="17 Oct 2016 19:26:20 GMT" time="421.459" errors="0">
  <testcase name="test" time="421.459" classname="com.autotest.testcases.Project_Release_YYS003"/>
</testsuite> <!-- com.autotest.testcases.Project_Release_YYS003 -->
