<?xml version="1.0" encoding="UTF-8"?>
<!-- Generated by org.testng.reporters.JUnitReportReporter -->
<testsuite hostname="ZA001995-1" name="com.autotest.testcases.YYS005_Repay_Business" tests="1" failures="0" timestamp="8 Sep 2016 08:16:50 GMT" time="0.397" errors="0">
  <testcase name="test" time="0.397" classname="com.autotest.testcases.YYS005_Repay_Business"/>
</testsuite> <!-- com.autotest.testcases.YYS005_Repay_Business -->
