<?xml version="1.0" encoding="UTF-8"?>
<!-- Generated by org.testng.reporters.JUnitReportReporter -->
<testsuite hostname="WB0005-1" name="com.autotest.testcases.RYS009_GenPayPlan" tests="1" failures="0" timestamp="17 Oct 2016 19:26:20 GMT" time="144.293" errors="0">
  <testcase name="test" time="144.293" classname="com.autotest.testcases.RYS009_GenPayPlan"/>
</testsuite> <!-- com.autotest.testcases.RYS009_GenPayPlan -->
