<?xml version="1.0" encoding="UTF-8"?>
<!-- Generated by org.testng.reporters.JUnitReportReporter -->
<testsuite hostname="myl000738-0" name="com.autotest.testcases.YYS007_Repay_Business" tests="1" failures="0" timestamp="17 Oct 2016 09:33:33 GMT" time="218.551" errors="0">
  <testcase name="test" time="218.551" classname="com.autotest.testcases.YYS007_Repay_Business"/>
</testsuite> <!-- com.autotest.testcases.YYS007_Repay_Business -->
