<?xml version="1.0" encoding="UTF-8"?>
<!-- Generated by org.testng.reporters.JUnitReportReporter -->
<testsuite hostname="myl000738-0" name="com.autotest.testcases.YYS007_GenPayPlan" tests="1" failures="0" timestamp="17 Oct 2016 11:22:48 GMT" time="150.652" errors="0">
  <testcase name="test" time="150.652" classname="com.autotest.testcases.YYS007_GenPayPlan"/>
</testsuite> <!-- com.autotest.testcases.YYS007_GenPayPlan -->
