<?xml version="1.0" encoding="UTF-8"?>
<!-- Generated by org.testng.reporters.JUnitReportReporter -->
<testsuite hostname="myl000738-0" name="com.autotest.testcases.UserRegistration" tests="1" failures="0" timestamp="17 Oct 2016 11:03:37 GMT" time="627.408" errors="0">
  <testcase name="test" time="627.408" classname="com.autotest.testcases.UserRegistration"/>
</testsuite> <!-- com.autotest.testcases.UserRegistration -->
