<?xml version="1.0" encoding="UTF-8"?>
<!-- Generated by org.testng.reporters.JUnitReportReporter -->
<testsuite hostname="myl000738-0" name="com.autotest.testcases.YYS007_FastCashProject" tests="1" failures="0" timestamp="17 Oct 2016 11:29:51 GMT" time="26.492" errors="0">
  <testcase name="test" time="26.492" classname="com.autotest.testcases.YYS007_FastCashProject"/>
</testsuite> <!-- com.autotest.testcases.YYS007_FastCashProject -->
