<?xml version="1.0" encoding="UTF-8"?>
<!-- Generated by org.testng.reporters.JUnitReportReporter -->
<testsuite hostname="WB0005-1" name="com.autotest.testcases.YYS004_GenPayPlan" tests="1" failures="0" timestamp="18 Oct 2016 04:05:14 GMT" time="338.009" errors="0">
  <testcase name="test" time="338.009" classname="com.autotest.testcases.YYS004_GenPayPlan"/>
</testsuite> <!-- com.autotest.testcases.YYS004_GenPayPlan -->
