<?xml version="1.0" encoding="UTF-8"?>
<!-- Generated by org.testng.reporters.JUnitReportReporter -->
<testsuite hostname="myl000738-0" name="com.autotest.testcases.Project_Release_YYS007" tests="1" failures="0" timestamp="17 Oct 2016 11:11:00 GMT" time="423.708" errors="0">
  <testcase name="test" time="423.708" classname="com.autotest.testcases.Project_Release_YYS007"/>
</testsuite> <!-- com.autotest.testcases.Project_Release_YYS007 -->
