<?xml version="1.0" encoding="UTF-8"?>
<!-- Generated by org.testng.reporters.JUnitReportReporter -->
<testsuite hostname="myl000738-0" name="com.autotest.testcases.YYS007_UserInvest" tests="1" failures="0" timestamp="17 Oct 2016 11:18:30 GMT" time="426.733" errors="0">
  <testcase name="test" time="426.733" classname="com.autotest.testcases.YYS007_UserInvest"/>
</testsuite> <!-- com.autotest.testcases.YYS007_UserInvest -->
