<?xml version="1.0" encoding="UTF-8"?>
<!-- Generated by org.testng.reporters.JUnitReportReporter -->
<testsuite hostname="WB0005-1" name="com.autotest.testcases.Project_Release_RYS001" tests="1" failures="0" timestamp="18 Oct 2016 02:06:58 GMT" time="418.714" errors="0">
  <testcase name="test" time="418.714" classname="com.autotest.testcases.Project_Release_RYS001"/>
</testsuite> <!-- com.autotest.testcases.Project_Release_RYS001 -->
