<?xml version="1.0" encoding="UTF-8"?>
<!-- Generated by org.testng.reporters.JUnitReportReporter -->
<testsuite hostname="myl000738-0" name="com.autotest.testcases.YYS007_PayMent" tests="1" failures="0" timestamp="17 Oct 2016 11:28:56 GMT" time="339.928" errors="0">
  <testcase name="Test" time="339.928" classname="com.autotest.testcases.YYS007_PayMent"/>
</testsuite> <!-- com.autotest.testcases.YYS007_PayMent -->
